<?xml version="1.0" encoding="UTF-8"?>
<!-- Generated by org.testng.reporters.JUnitReportReporter -->
<testsuite skipped="0" hostname="DESKTOP-SCRIOB2" name="TestCasesScript.CreateCustomer" tests="1" failures="0" timestamp="01 Dec 2019 14:13:09 GMT" time="5.741" errors="0">
  <testcase name="CreateCustomerValidSecretKey" time="5.741" classname="TestCasesScript.CreateCustomer"/>
</testsuite> <!-- TestCasesScript.CreateCustomer -->
