<?xml version="1.0" encoding="UTF-8"?>
<!-- Generated by org.testng.reporters.JUnitReportReporter -->
<testsuite skipped="0" hostname="DESKTOP-SCRIOB2" name="TestJson.ValidateRetriveCustomerAPI" tests="1" failures="0" timestamp="30 Nov 2019 16:23:01 GMT" time="4.887" errors="0">
  <testcase name="RetriveCustomerAPI" time="4.887" classname="TestJson.ValidateRetriveCustomerAPI"/>
</testsuite> <!-- TestJson.ValidateRetriveCustomerAPI -->
