<?xml version="1.0" encoding="UTF-8"?>
<!-- Generated by org.testng.reporters.JUnitReportReporter -->
<testsuite skipped="0" hostname="DESKTOP-SCRIOB2" name="TestJson.ValidateCreateCustomerAPI" tests="2" failures="0" timestamp="30 Nov 2019 18:27:15 GMT" time="5.368" errors="0">
  <testcase name="validateAPIWithValidSecretKey" time="1.185" classname="TestJson.ValidateCreateCustomerAPI"/>
  <testcase name="validateAPIWithValidSecretKey" time="4.183" classname="TestJson.ValidateCreateCustomerAPI"/>
</testsuite> <!-- TestJson.ValidateCreateCustomerAPI -->
