<?xml version="1.0" encoding="UTF-8"?>
<!-- Generated by org.testng.reporters.JUnitReportReporter -->
<testsuite skipped="0" hostname="DESKTOP-SCRIOB2" name="TestCasesScript_Using_ConfigProperties.CreateCustomer_Config" tests="1" failures="0" timestamp="03 Dec 2019 12:53:46 GMT" time="6.208" errors="0">
  <testcase name="CreateCustomerValidSecretKey" time="6.208" classname="TestCasesScript_Using_ConfigProperties.CreateCustomer_Config"/>
</testsuite> <!-- TestCasesScript_Using_ConfigProperties.CreateCustomer_Config -->
