<?xml version="1.0" encoding="UTF-8"?>
<!-- Generated by org.testng.reporters.JUnitReportReporter -->
<testsuite skipped="0" hostname="DESKTOP-SCRIOB2" name="TestJson.ValidateRetriveCustomerAPI" tests="1" failures="0" timestamp="30 Nov 2019 18:27:15 GMT" time="0.332" errors="0">
  <testcase name="RetriveCustomerAPI" time="0.332" classname="TestJson.ValidateRetriveCustomerAPI"/>
</testsuite> <!-- TestJson.ValidateRetriveCustomerAPI -->
