<?xml version="1.0" encoding="UTF-8"?>
<!-- Generated by org.testng.reporters.JUnitReportReporter -->
<testsuite skipped="0" hostname="DESKTOP-SCRIOB2" name="TestCasesScript_Using_HashMap.DeleteCustomer_Map" tests="1" failures="0" timestamp="03 Dec 2019 12:53:46 GMT" time="1.759" errors="0">
  <testcase name="DeleteCustomerWithValidSecretKey" time="1.759" classname="TestCasesScript_Using_HashMap.DeleteCustomer_Map"/>
</testsuite> <!-- TestCasesScript_Using_HashMap.DeleteCustomer_Map -->
