<?xml version="1.0" encoding="UTF-8"?>
<!-- Generated by org.testng.reporters.JUnitReportReporter -->
<testsuite skipped="4" hostname="DESKTOP-SCRIOB2" name="TestJson.ValidateCreateCustomerAPI" tests="5" failures="0" timestamp="30 Nov 2019 12:39:04 GMT" time="0.995" errors="1">
  <testcase name="beforeSuite" time="0.995" classname="TestJson.ValidateCreateCustomerAPI">
    <error type="java.lang.NullPointerException">
      <![CDATA[java.lang.NullPointerException
at java.io.File.<init>(Unknown Source)
at UtilityPackage.TestUtils.archiveTestReport(TestUtils.java:38)
at SetUpPackage.TestSetup.beforeSuite(TestSetup.java:48)
at sun.reflect.NativeMethodAccessorImpl.invoke0(Native Method)
at sun.reflect.NativeMethodAccessorImpl.invoke(Unknown Source)
at sun.reflect.DelegatingMethodAccessorImpl.invoke(Unknown Source)
at java.lang.reflect.Method.invoke(Unknown Source)
at org.testng.internal.MethodInvocationHelper.invokeMethod(MethodInvocationHelper.java:124)
at org.testng.internal.MethodInvocationHelper.invokeMethodConsideringTimeout(MethodInvocationHelper.java:59)
at org.testng.internal.Invoker.invokeConfigurationMethod(Invoker.java:458)
at org.testng.internal.Invoker.invokeConfigurations(Invoker.java:222)
at org.testng.internal.Invoker.invokeConfigurations(Invoker.java:142)
at org.testng.SuiteRunner.privateRun(SuiteRunner.java:401)
at org.testng.SuiteRunner.run(SuiteRunner.java:364)
at org.testng.SuiteRunnerWorker.runSuite(SuiteRunnerWorker.java:52)
at org.testng.SuiteRunnerWorker.run(SuiteRunnerWorker.java:84)
at org.testng.TestNG.runSuitesSequentially(TestNG.java:1208)
at org.testng.TestNG.runSuitesLocally(TestNG.java:1137)
at org.testng.TestNG.runSuites(TestNG.java:1049)
at org.testng.TestNG.run(TestNG.java:1017)
at org.testng.remote.AbstractRemoteTestNG.run(AbstractRemoteTestNG.java:114)
at org.testng.remote.RemoteTestNG.initAndRun(RemoteTestNG.java:251)
at org.testng.remote.RemoteTestNG.main(RemoteTestNG.java:77)
]]>
    </error>
  </testcase> <!-- beforeSuite -->
  <testcase name="validateSkip" time="0.000" classname="TestJson.ValidateCreateCustomerAPI">
    <skipped/>
  </testcase> <!-- validateSkip -->
  <testcase name="validateFail" time="0.000" classname="TestJson.ValidateCreateCustomerAPI">
    <skipped/>
  </testcase> <!-- validateFail -->
  <testcase name="validateAPIWithValidSecretKey" time="0.000" classname="TestJson.ValidateCreateCustomerAPI">
    <skipped/>
  </testcase> <!-- validateAPIWithValidSecretKey -->
  <testcase name="validateAPIWithValidSecretKey" time="0.000" classname="TestJson.ValidateCreateCustomerAPI">
    <skipped/>
  </testcase> <!-- validateAPIWithValidSecretKey -->
</testsuite> <!-- TestJson.ValidateCreateCustomerAPI -->
