<?xml version="1.0" encoding="UTF-8"?>
<!-- Generated by org.testng.reporters.JUnitReportReporter -->
<testsuite skipped="0" hostname="DESKTOP-SCRIOB2" name="TestCasesScript.RetriveCustomer" tests="2" failures="0" timestamp="01 Dec 2019 14:30:20 GMT" time="70.740" errors="0">
  <testcase name="RetriveCustomerValidSecretKey" time="49.581" classname="TestCasesScript.RetriveCustomer"/>
  <testcase name="RetriveCustomerInvalidSecretKey" time="21.159" classname="TestCasesScript.RetriveCustomer"/>
</testsuite> <!-- TestCasesScript.RetriveCustomer -->
